<?xml version="1.0" encoding="UTF-8" ?>
<testsuite tests="1" failures="0" name="jar.AppTest" time="0.002" errors="0" skipped="0">
  <properties>
    <property name="java.runtime.name" value="Java(TM) SE Runtime Environment"/>
    <property name="java.vm.version" value="10.0.2+13"/>
    <property name="sun.boot.library.path" value="C:\Program Files\Java\jdk-10.0.2\bin"/>
    <property name="user.country.format" value="TH"/>
    <property name="maven.multiModuleProjectDirectory" value="T:\Users\Pokdengi\eclipse-workspace\Signy-IDE\Signy IDE"/>
    <property name="java.vm.vendor" value="&quot;Oracle Corporation&quot;"/>
    <property name="java.vendor.url" value="http://java.oracle.com/"/>
    <property name="guice.disable.misplaced.annotation.check" value="true"/>
    <property name="path.separator" value=";"/>
    <property name="java.vm.name" value="Java HotSpot(TM) 64-Bit Server VM"/>
    <property name="file.encoding.pkg" value="sun.io"/>
    <property name="sun.os.patch.level" value="Service Pack 1"/>
    <property name="user.script" value=""/>
    <property name="user.country" value="US"/>
    <property name="sun.java.launcher" value="SUN_STANDARD"/>
    <property name="java.vm.specification.name" value="Java Virtual Machine Specification"/>
    <property name="user.dir" value="T:\Users\Pokdengi\eclipse-workspace\Signy-IDE\Signy IDE"/>
    <property name="java.vm.compressedOopsMode" value="32-bit"/>
    <property name="java.runtime.version" value="10.0.2+13"/>
    <property name="java.awt.graphicsenv" value="sun.awt.Win32GraphicsEnvironment"/>
    <property name="os.arch" value="amd64"/>
    <property name="java.io.tmpdir" value="T:\Users\Pokdengi\AppData\Local\Temp\"/>
    <property name="line.separator" value="
"/>
    <property name="java.vm.specification.vendor" value="Oracle Corporation"/>
    <property name="user.variant" value=""/>
    <property name="os.name" value="Windows 7"/>
    <property name="classworlds.conf" value="T:\Users\Pokdengi\eclipse-workspace\.metadata\.plugins\org.eclipse.m2e.launching\launches\m2conf612019152524682284.tmp"/>
    <property name="sun.jnu.encoding" value="MS874"/>
    <property name="java.library.path" value="C:\Program Files\Java\jdk-10.0.2\bin;T:\Windows\Sun\Java\bin;T:\Windows\system32;T:\Windows;T:/Program Files/Java/jre1.8.0_172/bin/server;T:/Program Files/Java/jre1.8.0_172/bin;T:/Program Files/Java/jre1.8.0_172/lib/amd64;T:\Program Files (x86)\Common Files\Oracle\Java\javapath;C:\Qt\Tools\mingw530_32\bin;C:\Program Files (x86)\CodeBlocks\MinGW\bin;T:\Python27;C:\MinGW_64\bin;T:\ProgramData\Oracle\Java\javapath;T:\Program Files (x86)\Intel\iCLS Client\;T:\Program Files\Intel\iCLS Client\;T:\Windows\system32;T:\Windows;T:\Windows\System32\Wbem;T:\Windows\System32\WindowsPowerShell\v1.0\;T:\Program Files\Intel\Intel(R) Management Engine Components\DAL;T:\Program Files\Intel\Intel(R) Management Engine Components\IPT;T:\Program Files (x86)\Intel\Intel(R) Management Engine Components\DAL;T:\Program Files (x86)\Intel\Intel(R) Management Engine Components\IPT;T:\Program Files (x86)\NVIDIA Corporation\PhysX\Common;C:\Program Files (x86)\Python36-32;C:\Program Files (x86)\Python36-32\Scripts;T:\Program Files\Git\cmd;T:\Program Files\Git\mingw64\bin;C:\Python27;C:\Program Files\CMake\bin;C:\Program Files\PuTTY\;T:\Program Files\dotnet\;C:\Program Files (x86)\Yarn\bin\;C:\Program Files\nodejs\;T:\Users\Pokdengi\AppData\Local\Programs\Python\Python36\Scripts\;T:\Users\Pokdengi\AppData\Local\Programs\Python\Python36\;T:\Users\Pokdengi\AppData\Local\Programs\Python\Launcher\;C:\Program Files\Microsoft VS Code\bin;T:\Users\Pokdengi\AppData\Local\Yarn\bin;T:\Users\Pokdengi\AppData\Roaming\npm;C:\Program Files\Docker Toolbox;T:\Users\Pokdengi\Downloads\Compressed\apache-maven-3.5.4\bin;C:\Program Files (x86)\Nmap;T:\Users\Pokdengi\Downloads\Compressed\eclipse;;."/>
    <property name="jdk.debug" value="release"/>
    <property name="java.class.version" value="54.0"/>
    <property name="java.specification.name" value="Java Platform API Specification"/>
    <property name="sun.management.compiler" value="HotSpot 64-Bit Tiered Compilers"/>
    <property name="os.version" value="6.1"/>
    <property name="user.home" value="T:\Users\Pokdengi"/>
    <property name="user.timezone" value="Asia/Seoul"/>
    <property name="java.awt.printerjob" value="sun.awt.windows.WPrinterJob"/>
    <property name="file.encoding" value="UTF-8"/>
    <property name="java.specification.version" value="10"/>
    <property name="user.name" value="Pokdengi"/>
    <property name="java.class.path" value="T:\Users\Pokdengi\Downloads\Compressed\eclipse\plugins\org.eclipse.m2e.maven.runtime_1.9.0.20180606-2035\jars\plexus-classworlds-2.5.2.jar"/>
    <property name="java.vm.specification.version" value="10"/>
    <property name="sun.arch.data.model" value="64"/>
    <property name="sun.java.command" value="org.codehaus.plexus.classworlds.launcher.Launcher -B test"/>
    <property name="java.home" value="C:\Program Files\Java\jdk-10.0.2"/>
    <property name="user.language" value="en"/>
    <property name="java.specification.vendor" value="Oracle Corporation"/>
    <property name="user.language.format" value="th"/>
    <property name="awt.toolkit" value="sun.awt.windows.WToolkit"/>
    <property name="java.vm.info" value="mixed mode"/>
    <property name="java.version" value="10.0.2"/>
    <property name="java.vendor" value="Oracle Corporation"/>
    <property name="maven.home" value="T:\Users\Pokdengi\eclipse-workspace\Signy-IDE\Signy IDE\EMBEDDED"/>
    <property name="file.separator" value="\"/>
    <property name="java.version.date" value="2018-07-17"/>
    <property name="java.vendor.url.bug" value="http://bugreport.java.com/bugreport/"/>
    <property name="sun.io.unicode.encoding" value="UnicodeLittle"/>
    <property name="sun.cpu.endian" value="little"/>
    <property name="java.vendor.version" value="18.3"/>
    <property name="sun.desktop" value="windows"/>
    <property name="sun.cpu.isalist" value="amd64"/>
  </properties>
  <testcase classname="jar.AppTest" name="testApp" time="0.002"/>
</testsuite>